<?xml version="1.0" encoding="UTF-8"?>
<!-- Generated by org.testng.reporters.JUnitXMLReporter -->
<testsuite ignored="4" hostname="DESKTOP-4DKG3IL" failures="0" tests="1" name="Default test" time="4.975" errors="0" timestamp="05 Jan 2024 06:31:24 GMT">
  <testcase classname="com.uiFramework.companyName.bhanuProjectName.testScripts.loginPage.LoginTest" name="testLoginToApplication" time="1.396"/>
  <testcase classname="com.uiFramework.companyName.bhanuProjectName.testScripts.loginPage.LoginTest" name="testLoginToApplicationLOGINPAGELINKSVERIFICATIOS" time="0.0">
    <ignored/>
  </testcase> <!-- testLoginToApplicationLOGINPAGELINKSVERIFICATIOS -->
  <testcase classname="com.uiFramework.companyName.bhanuProjectName.testScripts.loginPage.LoginTest" name="testLoginToApplicationFORFORGOTPASSWORDPASSWORDAPPLICAIONS" time="0.0">
    <ignored/>
  </testcase> <!-- testLoginToApplicationFORFORGOTPASSWORDPASSWORDAPPLICAIONS -->
  <testcase classname="com.uiFramework.companyName.bhanuProjectName.testScripts.loginPage.LoginTest" name="testLoginToApplicationWITHiNVALIDPASSWORD" time="0.0">
    <ignored/>
  </testcase> <!-- testLoginToApplicationWITHiNVALIDPASSWORD -->
  <testcase classname="com.uiFramework.companyName.bhanuProjectName.testScripts.loginPage.LoginTest" name="testLoginToApplicationWITHiNVALIDPASSWORDANDBLANKUSERNAME" time="0.0">
    <ignored/>
  </testcase> <!-- testLoginToApplicationWITHiNVALIDPASSWORDANDBLANKUSERNAME -->
</testsuite> <!-- Default test -->
