<?xml version="1.0" encoding="UTF-8"?>
<testng-results ignored="0" total="1" passed="1" failed="0" skipped="0">
  <reporter-output>
  </reporter-output>
  <suite started-at="2024-01-10T03:44:05Z" name="Suite" finished-at="2024-01-10T03:44:12Z" duration-ms="7845">
    <groups>
    </groups>
    <test started-at="2024-01-10T03:44:05Z" name=" chrome Test222" finished-at="2024-01-10T03:44:12Z" duration-ms="7845">
      <class name="com.qa.crossbrowser_naresh.crossbrowsertesting_naresh">
        <test-method signature="startapplication(java.lang.String)[pri:0, instance:com.qa.crossbrowser_naresh.crossbrowsertesting_naresh@1bd39d3c]" started-at="2024-01-10T09:14:05Z" name="startapplication" finished-at="2024-01-10T09:14:12Z" duration-ms="7821" status="PASS">
          <params>
            <param index="0">
              <value>
                <![CDATA[edge]]>
              </value>
            </param>
          </params>
          <reporter-output>
          </reporter-output>
        </test-method> <!-- startapplication -->
      </class> <!-- com.qa.crossbrowser_naresh.crossbrowsertesting_naresh -->
    </test> <!--  chrome Test222 -->
  </suite> <!-- Suite -->
</testng-results>
